  satursday test.cpp
C:\Users\lxve_every1\source\repos\satursday test\satursday test\satursday test.cpp(22,15): warning C4244: аргумент: преобразование "time_t" в "unsigned int", возможна потеря данных
C:\Users\lxve_every1\source\repos\satursday test\satursday test\satursday test.cpp(29,34): warning C4244: инициализация: преобразование "double" в "int", возможна потеря данных
C:\Users\lxve_every1\source\repos\satursday test\satursday test\satursday test.cpp(29,28): warning C4244: инициализация: преобразование "double" в "const int", возможна потеря данных
C:\Users\lxve_every1\source\repos\satursday test\satursday test\satursday test.cpp(30,35): warning C4244: инициализация: преобразование "double" в "int", возможна потеря данных
C:\Users\lxve_every1\source\repos\satursday test\satursday test\satursday test.cpp(30,29): warning C4244: инициализация: преобразование "double" в "const int", возможна потеря данных
C:\Users\lxve_every1\source\repos\satursday test\satursday test\satursday test.cpp(33,22): error C2131: выражение не определяется константой
C:\Users\lxve_every1\source\repos\satursday test\satursday test\satursday test.cpp(33,22): message : сбой вызван чтением переменной вне срока ее существования
C:\Users\lxve_every1\source\repos\satursday test\satursday test\satursday test.cpp(33,22): message : см. использование "Numb_of_Tapes"
C:\Users\lxve_every1\source\repos\satursday test\satursday test\satursday test.cpp(33,37): error C2131: выражение не определяется константой
C:\Users\lxve_every1\source\repos\satursday test\satursday test\satursday test.cpp(29,39): message : сбой был вызван неопределенной функцией или функцией, не объявленной как "constexpr"
C:\Users\lxve_every1\source\repos\satursday test\satursday test\satursday test.cpp(29,39): message : см. использование "sqrt"
C:\Users\lxve_every1\source\repos\satursday test\satursday test\satursday test.cpp(40,28): error C3863: тип массива "book [Numb_of_Tapes][Elem_at_Tape]" является неназначаемым
C:\Users\lxve_every1\source\repos\satursday test\satursday test\satursday test.cpp(46,24): warning C4473: "printf": передано недостаточно аргументов для строки формата
C:\Users\lxve_every1\source\repos\satursday test\satursday test\satursday test.cpp(46,24): message : заполнители и их параметры ожидают переменное число аргументов в количестве 1, но было предоставлено 0
C:\Users\lxve_every1\source\repos\satursday test\satursday test\satursday test.cpp(46,24): message : отсутствующий вариативный аргумент "1" требуется для строки форматирования "%d"
C:\Users\lxve_every1\source\repos\satursday test\satursday test\satursday test.cpp(49,28): warning C4473: "printf": передано недостаточно аргументов для строки формата
C:\Users\lxve_every1\source\repos\satursday test\satursday test\satursday test.cpp(49,28): message : заполнители и их параметры ожидают переменное число аргументов в количестве 1, но было предоставлено 0
C:\Users\lxve_every1\source\repos\satursday test\satursday test\satursday test.cpp(49,28): message : отсутствующий вариативный аргумент "1" требуется для строки форматирования "%d"
C:\Users\lxve_every1\source\repos\satursday test\satursday test\satursday test.cpp(51,28): warning C4473: "printf": передано недостаточно аргументов для строки формата
C:\Users\lxve_every1\source\repos\satursday test\satursday test\satursday test.cpp(51,28): message : заполнители и их параметры ожидают переменное число аргументов в количестве 1, но было предоставлено 0
C:\Users\lxve_every1\source\repos\satursday test\satursday test\satursday test.cpp(51,28): message : отсутствующий вариативный аргумент "1" требуется для строки форматирования "%d"
C:\Users\lxve_every1\source\repos\satursday test\satursday test\satursday test.cpp(64,20): warning C4473: "printf": передано недостаточно аргументов для строки формата
C:\Users\lxve_every1\source\repos\satursday test\satursday test\satursday test.cpp(64,20): message : заполнители и их параметры ожидают переменное число аргументов в количестве 1, но было предоставлено 0
C:\Users\lxve_every1\source\repos\satursday test\satursday test\satursday test.cpp(64,20): message : отсутствующий вариативный аргумент "1" требуется для строки форматирования "%d"
C:\Users\lxve_every1\source\repos\satursday test\satursday test\satursday test.cpp(105,1): error C2036: book [Numb_of_Tapes][Elem_at_Tape]: неизвестный размер
C:\Users\lxve_every1\source\repos\satursday test\satursday test\satursday test.cpp(111,28): warning C4018: <: несоответствие типов со знаком и без знака
